TN:
SF:/Users/sibinvarghese/Documents/getRBC/mortgage-calculator-app/src/polyfills.ts
FNF:0
FNH:0
DA:46,1
DA:74,1
LF:2
LH:2
BRF:0
BRH:0
end_of_record
TN:
SF:/Users/sibinvarghese/Documents/getRBC/mortgage-calculator-app/src/test.ts
FNF:0
FNH:0
DA:3,1
DA:4,1
DA:5,1
DA:13,1
DA:18,1
DA:20,1
LF:6
LH:6
BRF:0
BRH:0
end_of_record
TN:
SF:/Users/sibinvarghese/Documents/getRBC/mortgage-calculator-app/src/app/app.component.ts
FN:8,(anonymous_1)
FN:3,AppComponent
FNF:2
FNH:2
FNDA:1,(anonymous_1)
FNDA:2,AppComponent
DA:1,1
DA:8,1
DA:9,2
DA:10,1
LF:4
LH:4
BRF:0
BRH:0
end_of_record
TN:
SF:/Users/sibinvarghese/Documents/getRBC/mortgage-calculator-app/src/app/constants.ts
FN:1,(anonymous_0)
FNF:1
FNH:1
FNDA:1,(anonymous_0)
DA:1,1
DA:2,1
DA:3,1
DA:4,1
DA:5,1
DA:6,1
DA:7,1
DA:17,1
DA:18,1
LF:9
LH:9
BRF:0
BRH:0
end_of_record
TN:
SF:/Users/sibinvarghese/Documents/getRBC/mortgage-calculator-app/src/app/components/mortgage-calculator/mortgage-calculator.component.ts
FN:9,(anonymous_2)
FN:34,MortgageCalculatorComponent
FN:35,(anonymous_4)
FN:37,(anonymous_5)
FN:44,(anonymous_6)
FN:121,(anonymous_7)
FN:134,(anonymous_8)
FNF:7
FNH:5
FNDA:1,(anonymous_2)
FNDA:12,MortgageCalculatorComponent
FNDA:10,(anonymous_4)
FNDA:0,(anonymous_5)
FNDA:0,(anonymous_6)
FNDA:2,(anonymous_7)
FNDA:2,(anonymous_8)
DA:1,1
DA:2,1
DA:9,1
DA:11,12
DA:16,12
DA:19,12
DA:22,12
DA:31,12
DA:35,1
DA:37,1
DA:38,0
DA:39,0
DA:40,0
DA:44,0
DA:45,0
DA:47,0
DA:51,0
DA:56,0
DA:57,0
DA:58,0
DA:59,0
DA:64,0
DA:66,0
DA:74,0
DA:76,0
DA:77,0
DA:78,0
DA:79,0
DA:82,0
DA:83,0
DA:84,0
DA:85,0
DA:86,0
DA:91,0
DA:92,0
DA:93,0
DA:95,0
DA:97,0
DA:98,0
DA:100,0
DA:105,0
DA:121,1
DA:123,2
DA:129,1
DA:131,1
DA:134,1
DA:136,2
DA:137,1
DA:139,1
DA:141,1
LF:50
LH:19
BRDA:53,0,0,0
BRDA:53,0,1,0
BRDA:91,1,0,0
BRDA:91,1,1,0
BRDA:102,2,0,0
BRDA:102,2,1,0
BRDA:100,3,0,0
BRDA:100,3,1,0
BRDA:123,4,0,1
BRDA:123,4,1,1
BRDA:124,5,0,2
BRDA:124,5,1,1
BRDA:124,5,2,1
BRDA:124,5,3,1
BRDA:136,6,0,1
BRDA:136,6,1,1
BRF:16
BRH:8
end_of_record
TN:
SF:/Users/sibinvarghese/Documents/getRBC/mortgage-calculator-app/src/app/components/mortgage-summary/mortgage-summary.component.ts
FN:8,(anonymous_2)
FN:12,MortgageSummaryComponent
FN:13,(anonymous_4)
FNF:3
FNH:3
FNDA:1,(anonymous_2)
FNDA:11,MortgageSummaryComponent
FNDA:11,(anonymous_4)
DA:1,1
DA:8,1
DA:10,1
DA:13,1
DA:14,1
LF:5
LH:5
BRF:0
BRH:0
end_of_record
