TN:
SF:/Users/sibinvarghese/git/mortgage-calculator/src/polyfills.ts
FNF:0
FNH:0
DA:46,1
DA:74,1
LF:2
LH:2
BRF:0
BRH:0
end_of_record
TN:
SF:/Users/sibinvarghese/git/mortgage-calculator/src/test.ts
FNF:0
FNH:0
DA:3,1
DA:4,1
DA:5,1
DA:13,1
DA:18,1
DA:20,1
LF:6
LH:6
BRF:0
BRH:0
end_of_record
TN:
SF:/Users/sibinvarghese/git/mortgage-calculator/src/app/app.component.ts
FN:8,(anonymous_1)
FN:3,AppComponent
FNF:2
FNH:2
FNDA:1,(anonymous_1)
FNDA:3,AppComponent
DA:1,1
DA:8,1
DA:9,3
DA:10,1
LF:4
LH:4
BRF:0
BRH:0
end_of_record
TN:
SF:/Users/sibinvarghese/git/mortgage-calculator/src/app/constants.ts
FN:1,(anonymous_0)
FNF:1
FNH:1
FNDA:1,(anonymous_0)
DA:1,1
DA:2,1
DA:3,1
DA:4,1
DA:5,1
DA:6,1
DA:7,1
DA:17,1
DA:18,1
LF:9
LH:9
BRF:0
BRH:0
end_of_record
TN:
SF:/Users/sibinvarghese/git/mortgage-calculator/src/app/components/mortgage-calculator/mortgage-calculator.component.ts
FN:9,(anonymous_2)
FN:36,MortgageCalculatorComponent
FN:37,(anonymous_4)
FN:39,(anonymous_5)
FN:52,(anonymous_6)
FN:135,(anonymous_7)
FN:151,(anonymous_8)
FNF:7
FNH:7
FNDA:1,(anonymous_2)
FNDA:16,MortgageCalculatorComponent
FNDA:13,(anonymous_4)
FNDA:3,(anonymous_5)
FNDA:12,(anonymous_6)
FNDA:2,(anonymous_7)
FNDA:2,(anonymous_8)
DA:1,1
DA:2,1
DA:9,1
DA:12,16
DA:17,16
DA:20,16
DA:24,16
DA:33,16
DA:37,1
DA:39,1
DA:46,3
DA:47,3
DA:48,3
DA:52,3
DA:53,12
DA:55,3
DA:58,3
DA:59,3
DA:60,3
DA:61,3
DA:62,3
DA:63,3
DA:69,3
DA:70,3
DA:71,3
DA:81,3
DA:82,3
DA:83,3
DA:84,3
DA:85,3
DA:88,3
DA:89,543
DA:90,543
DA:91,543
DA:92,543
DA:97,543
DA:98,36
DA:99,36
DA:101,543
DA:107,3
DA:108,3
DA:109,3
DA:110,3
DA:111,3
DA:112,3
DA:113,3
DA:116,3
DA:120,3
DA:135,1
DA:140,2
DA:146,1
DA:148,1
DA:151,1
DA:153,2
DA:154,1
DA:156,1
DA:158,1
LF:57
LH:57
BRDA:58,0,0,0
BRDA:58,0,1,3
BRDA:97,1,0,36
BRDA:97,1,1,507
BRDA:118,2,0,0
BRDA:118,2,1,3
BRDA:116,3,0,3
BRDA:116,3,1,0
BRDA:140,4,0,1
BRDA:140,4,1,1
BRDA:141,5,0,2
BRDA:141,5,1,1
BRDA:141,5,2,1
BRDA:141,5,3,1
BRDA:153,6,0,1
BRDA:153,6,1,1
BRF:16
BRH:13
end_of_record
TN:
SF:/Users/sibinvarghese/git/mortgage-calculator/src/app/components/mortgage-summary/mortgage-summary.component.ts
FN:8,(anonymous_2)
FN:12,MortgageSummaryComponent
FN:13,(anonymous_4)
FNF:3
FNH:3
FNDA:1,(anonymous_2)
FNDA:16,MortgageSummaryComponent
FNDA:16,(anonymous_4)
DA:1,1
DA:8,1
DA:10,1
DA:13,1
DA:14,1
LF:5
LH:5
BRF:0
BRH:0
end_of_record
